<?xml version="1.0" encoding="UTF-8"?>
<!-- Generated by org.testng.reporters.JUnitReportReporter -->
<testsuite hostname="LAPTOP-V2K45BS6" failures="0" tests="5" name="com.telus.testng.RegisterUserDemo" time="55.018" errors="0" timestamp="2022-09-07T16:28:11 IST" skipped="0">
  <testcase classname="com.telus.testng.RegisterUserDemo" name="launchApplication" time="36.638"/>
  <system-out/>
  <testcase classname="com.telus.testng.RegisterUserDemo" name="registrarionForm" time="8.633"/>
  <system-out>
Registraion From is open Title is Displayed Register For Demo Title is Enabled ---------------------------------------------------------  </system-out>
  <testcase classname="com.telus.testng.RegisterUserDemo" name="userRegistrarion" time="9.243"/>
  <system-out>
First Name is Displayed First Name is Charan First name is Enabled --------------------------------------------------------- Last Name is Displayed Last Name is Singh Last name is Enabled --------------------------------------------------------- Gender is Displayed Gender is Enabled --------------------------------------------------------- Address is Displayed Address is Palwal Haryana Address is Enabled --------------------------------------------------------- Street Address is Displayed Street Address is A23 Street Address is Enabled --------------------------------------------------------- City Address is Displayed City Address is Palwal City Address is Enabled --------------------------------------------------------- State is displayed State is Haryana State is enabled --------------------------------------------------------- Zip Code is Displayed Zip Code is 121102 Zip Code is Enabled --------------------------------------------------------- Country is Displayed Country is India Country is Enabled --------------------------------------------------------- Email is Displayed Email is akash123@gmail.com Email is Enabled --------------------------------------------------------- Date of Demo is Displayed Date of Demo is 27/07/2022 Date of Demo is Enabled --------------------------------------------------------- Time in Hours is Displayed Time in Hours is 12 Time in Hours is Enabled --------------------------------------------------------- Time in minutes is Displayed Time in minutes is 30 Time in minutes is Enabled --------------------------------------------------------- Mobile number is Displayed Mobile number is 9034171706 Mobile number is Enabled --------------------------------------------------------- Selenium WebDriver is Displayed Selenium WebDriver is Enabled --------------------------------------------------------- TestNG is Displayed TestNG is Enabled --------------------------------------------------------- Core Java is Displayed Core Java is Enabled --------------------------------------------------------- Query is Displayed Query is Registration for nextgen Query is Enabled --------------------------------------------------------- Example  99 99 Verification code is displayed Verification Code is enabled --------------------------------------------------------- Submit  Button is displayed Submit Button is enabled Submit Button is clicked  </system-out>
  <testcase classname="com.telus.testng.RegisterUserDemo" name="successfulMessage" time="0.059"/>
  <system-out>
Registration From Successful Successful Message Display  The Actual Successful Message is [[ChromeDriver: chrome on WINDOWS (d1c120e6c41512b88a4543aa0e227527)] -> xpath: //*[@id="content"]/article/div/div/div/div/section[1]/div/div/div[1]/div/div/div/div/div] Trasenction Id : NXTGEN1937465  </system-out>
  <testcase classname="com.telus.testng.RegisterUserDemo" name="applicationClose" time="0.445"/>
  <system-out>
Application is successful closed  </system-out>
</testsuite> <!-- com.telus.testng.RegisterUserDemo -->
